2026-07-05 14:52:31 | INFO     | scraper | Starting TikTokScraper …
2026-07-05 14:52:32 | INFO     | scraper | Browser context created.
2026-07-05 14:52:32 | INFO     | scraper | Scraping profile: https://www.tiktok.com/@shiliabdellatif6?lang=ar
2026-07-05 14:52:32 | DEBUG    | scraper | Navigating to https://www.tiktok.com/@shiliabdellatif6?lang=ar
2026-07-05 14:53:08 | DEBUG    | scraper | Scroll reached bottom after 2 steps.
2026-07-05 14:53:48 | DEBUG    | scraper | Found 0 video tiles.
2026-07-05 14:53:48 | INFO     | scraper | Profile scraped: @shiliabdellatif6 —  followers,  videos.
2026-07-05 14:53:48 | INFO     | utils | Data saved to C:\Users\wess\Desktop\python get data\output\profile_shiliabdellatif6.json
2026-07-05 14:53:48 | INFO     | scraper | TikTokScraper stopped.
2026-07-05 14:54:39 | INFO     | scraper | Starting TikTokScraper …
2026-07-05 14:54:40 | INFO     | scraper | Browser context created.
2026-07-05 14:54:40 | INFO     | scraper | Scraping profile: https://www.tiktok.com/@tiktok
2026-07-05 14:54:40 | DEBUG    | scraper | Navigating to https://www.tiktok.com/@tiktok
2026-07-05 14:55:10 | DEBUG    | scraper | Scroll reached bottom after 2 steps.
2026-07-05 14:55:50 | DEBUG    | scraper | Found 0 video tiles.
2026-07-05 14:55:50 | INFO     | scraper | Profile scraped: @tiktok —  followers,  videos.
2026-07-05 14:55:50 | INFO     | utils | Data saved to C:\Users\wess\Desktop\python get data\output\profile_tiktok.json
2026-07-05 14:55:50 | INFO     | scraper | TikTokScraper stopped.
2026-07-05 14:57:23 | INFO     | scraper | Starting TikTokScraper …
2026-07-05 14:57:23 | INFO     | scraper | Browser context created.
2026-07-05 14:57:23 | INFO     | scraper | Scraping profile: https://www.tiktok.com/@tiktok
2026-07-05 14:57:23 | DEBUG    | scraper | Navigating to https://www.tiktok.com/@tiktok
2026-07-05 14:57:53 | DEBUG    | scraper | Scroll reached bottom after 2 steps.
2026-07-05 14:57:53 | DEBUG    | scraper | Found 0 video tiles.
2026-07-05 14:57:53 | INFO     | scraper | Profile scraped: @tiktok — 94.7M followers,  videos.
2026-07-05 14:57:53 | INFO     | utils | Data saved to C:\Users\wess\Desktop\python get data\output\profile_tiktok.json
2026-07-05 14:57:53 | INFO     | scraper | TikTokScraper stopped.
2026-07-05 14:59:30 | INFO     | scraper | Starting TikTokScraper …
2026-07-05 14:59:30 | INFO     | scraper | Browser context created.
2026-07-05 14:59:30 | INFO     | scraper | Scraping profile: https://www.tiktok.com/@emilyfluri
2026-07-05 14:59:30 | DEBUG    | scraper | Navigating to https://www.tiktok.com/@emilyfluri
2026-07-05 14:59:54 | DEBUG    | scraper | Scroll reached bottom after 2 steps.
2026-07-05 14:59:54 | DEBUG    | scraper | Found 0 video tiles.
2026-07-05 14:59:54 | INFO     | scraper | Profile scraped: @emilyfluri — 12.1K followers,  videos.
2026-07-05 14:59:54 | INFO     | utils | Data saved to C:\Users\wess\Desktop\python get data\output\profile_emilyfluri.json
2026-07-05 14:59:54 | INFO     | scraper | TikTokScraper stopped.
2026-07-05 15:01:07 | INFO     | scraper | Starting TikTokScraper …
2026-07-05 15:01:08 | INFO     | scraper | Browser context created.
2026-07-05 15:01:08 | INFO     | scraper | Scraping profile: https://www.tiktok.com/@emilyfluri
2026-07-05 15:01:08 | DEBUG    | scraper | Navigating to https://www.tiktok.com/@emilyfluri
2026-07-05 15:01:38 | DEBUG    | scraper | Scroll reached bottom after 2 steps.
2026-07-05 15:01:38 | DEBUG    | scraper | Found 0 video tiles.
2026-07-05 15:01:38 | INFO     | scraper | Profile scraped: @emilyfluri — 12.1K followers,  videos.
2026-07-05 15:01:38 | INFO     | utils | Data saved to C:\Users\wess\Desktop\python get data\output\profile_emilyfluri.json
2026-07-05 15:01:38 | INFO     | scraper | TikTokScraper stopped.
2026-07-05 15:02:07 | INFO     | scraper | Starting TikTokScraper …
2026-07-05 15:02:07 | INFO     | scraper | Browser context created.
2026-07-05 15:02:07 | INFO     | scraper | Scraping profile: https://www.tiktok.com/@emilyfluri
2026-07-05 15:02:07 | DEBUG    | scraper | Navigating to https://www.tiktok.com/@emilyfluri
2026-07-05 15:02:41 | WARNING  | scraper | Page load timeout for https://www.tiktok.com/@emilyfluri – continuing with partial DOM.
2026-07-05 15:02:56 | DEBUG    | scraper | Scroll reached bottom after 2 steps.
2026-07-05 15:02:56 | DEBUG    | scraper | Found 0 video tiles.
2026-07-05 15:02:56 | INFO     | scraper | Profile scraped: @emilyfluri — 12.1K followers,  videos.
2026-07-05 15:02:56 | INFO     | utils | Data saved to C:\Users\wess\Desktop\python get data\output\profile_emilyfluri.json
2026-07-05 15:02:56 | INFO     | scraper | TikTokScraper stopped.
2026-07-05 15:04:41 | INFO     | scraper | Starting TikTokScraper …
2026-07-05 15:04:42 | INFO     | scraper | Browser context created.
2026-07-05 15:04:42 | INFO     | scraper | Scraping profile: https://www.tiktok.com/@emilyfluri
2026-07-05 15:04:42 | DEBUG    | scraper | Navigating to https://www.tiktok.com/@emilyfluri
2026-07-05 15:05:10 | DEBUG    | scraper | Scroll reached bottom after 2 steps.
2026-07-05 15:05:10 | DEBUG    | scraper | Found 0 video tiles.
2026-07-05 15:05:10 | INFO     | scraper | Profile scraped: @emilyfluri — 12.1K followers,  videos.
2026-07-05 15:05:10 | INFO     | utils | Data saved to C:\Users\wess\Desktop\python get data\output\profile_emilyfluri.json
2026-07-05 15:05:10 | INFO     | scraper | TikTokScraper stopped.
2026-07-05 15:05:16 | INFO     | scraper | Starting TikTokScraper …
2026-07-05 15:05:17 | INFO     | scraper | Browser context created.
2026-07-05 15:05:17 | INFO     | scraper | Scraping profile: https://www.tiktok.com/@emilyfluri
2026-07-05 15:05:17 | DEBUG    | scraper | Navigating to https://www.tiktok.com/@emilyfluri
2026-07-05 15:05:45 | DEBUG    | scraper | Scroll reached bottom after 2 steps.
2026-07-05 15:05:45 | DEBUG    | scraper | Found 0 video tiles.
2026-07-05 15:05:45 | INFO     | scraper | Profile scraped: @emilyfluri — 12.1K followers,  videos.
2026-07-05 15:05:45 | INFO     | utils | Data saved to C:\Users\wess\Desktop\python get data\output\profile_emilyfluri.json
2026-07-05 15:05:45 | INFO     | scraper | TikTokScraper stopped.
2026-07-05 15:06:45 | INFO     | scraper | Starting TikTokScraper …
2026-07-05 15:06:45 | INFO     | scraper | Browser context created.
2026-07-05 15:06:45 | INFO     | scraper | Scraping profile: https://www.tiktok.com/@emilyfluri
2026-07-05 15:06:45 | DEBUG    | scraper | Navigating to https://www.tiktok.com/@emilyfluri
2026-07-05 15:07:06 | DEBUG    | scraper | Videos tab already active.
2026-07-05 15:07:12 | DEBUG    | scraper | Scroll finished after 4 steps (stalled).
2026-07-05 15:07:12 | DEBUG    | scraper | Found 0 video tiles.
2026-07-05 15:07:12 | INFO     | scraper | Profile scraped: @emilyfluri — 12.1K followers,  videos.
2026-07-05 15:07:12 | INFO     | utils | Data saved to C:\Users\wess\Desktop\python get data\output\profile_emilyfluri.json
2026-07-05 15:07:12 | INFO     | scraper | TikTokScraper stopped.
2026-07-05 15:07:34 | INFO     | scraper | Starting TikTokScraper …
2026-07-05 15:07:35 | INFO     | scraper | Browser context created.
2026-07-05 15:07:35 | INFO     | scraper | Scraping profile: https://www.tiktok.com/@emilyfluri
2026-07-05 15:07:35 | DEBUG    | scraper | Navigating to https://www.tiktok.com/@emilyfluri
2026-07-05 15:08:01 | DEBUG    | scraper | Videos tab already active.
2026-07-05 15:08:03 | DEBUG    | scraper | Scroll  1: height=1472 scrollY=392 bottom=True
2026-07-05 15:08:04 | DEBUG    | scraper | Scroll  2: height=1472 scrollY=392 bottom=True
2026-07-05 15:08:06 | DEBUG    | scraper | Scroll  3: height=1472 scrollY=392 bottom=True
2026-07-05 15:08:07 | DEBUG    | scraper | Scroll  4: height=1472 scrollY=392 bottom=True
2026-07-05 15:08:07 | DEBUG    | scraper | Scroll finished after 4 steps (stalled at bottom).
2026-07-05 15:08:07 | DEBUG    | scraper | Found 0 video tiles.
2026-07-05 15:08:07 | INFO     | scraper | Profile scraped: @emilyfluri | followers=12.1K | tiles=0
2026-07-05 15:08:07 | INFO     | utils | Data saved to C:\Users\wess\Desktop\python get data\output\profile_emilyfluri.json
2026-07-05 15:08:08 | INFO     | scraper | TikTokScraper stopped.
2026-07-05 15:08:27 | INFO     | scraper | Starting TikTokScraper …
2026-07-05 15:08:28 | INFO     | scraper | Browser context created.
2026-07-05 15:08:28 | INFO     | scraper | Scraping profile: https://www.tiktok.com/@emilyfluri
2026-07-05 15:08:28 | DEBUG    | scraper | Navigating to https://www.tiktok.com/@emilyfluri
2026-07-05 15:08:54 | DEBUG    | scraper | Videos tab already active.
2026-07-05 15:08:56 | DEBUG    | scraper | Scroll  1: height=1472 consecutive_same=0
2026-07-05 15:08:57 | DEBUG    | scraper | Scroll  2: height=1472 consecutive_same=0
2026-07-05 15:08:59 | DEBUG    | scraper | Scroll  3: height=1472 consecutive_same=1
2026-07-05 15:09:00 | DEBUG    | scraper | Scroll  4: height=1472 consecutive_same=2
2026-07-05 15:09:02 | DEBUG    | scraper | Scroll  5: height=1472 consecutive_same=3
2026-07-05 15:09:03 | DEBUG    | scraper | Scroll  6: height=1472 consecutive_same=4
2026-07-05 15:09:03 | DEBUG    | scraper | Scroll finished after 6 steps (stalled).
2026-07-05 15:09:03 | DEBUG    | scraper | Found 0 video tiles.
2026-07-05 15:09:03 | INFO     | scraper | Profile scraped: @emilyfluri | followers=12.1K | tiles=0
2026-07-05 15:09:03 | INFO     | utils | Data saved to C:\Users\wess\Desktop\python get data\output\profile_emilyfluri.json
2026-07-05 15:09:04 | INFO     | scraper | TikTokScraper stopped.
2026-07-05 15:09:34 | INFO     | scraper | Starting TikTokScraper …
2026-07-05 15:09:35 | INFO     | scraper | Browser context created.
2026-07-05 15:09:35 | INFO     | scraper | Scraping profile: https://www.tiktok.com/@emilyfluri
2026-07-05 15:09:35 | DEBUG    | scraper | Navigating to https://www.tiktok.com/@emilyfluri
2026-07-05 15:09:51 | DEBUG    | scraper | Videos tab already active.
2026-07-05 15:09:53 | DEBUG    | scraper | Scroll  1: height=1472 consecutive_same=0
2026-07-05 15:09:55 | DEBUG    | scraper | Scroll  2: height=1472 consecutive_same=0
2026-07-05 15:09:57 | DEBUG    | scraper | Scroll  3: height=1472 consecutive_same=1
2026-07-05 15:09:59 | DEBUG    | scraper | Scroll  4: height=1472 consecutive_same=2
2026-07-05 15:10:01 | DEBUG    | scraper | Scroll  5: height=1472 consecutive_same=3
2026-07-05 15:10:03 | DEBUG    | scraper | Scroll  6: height=1472 consecutive_same=4
2026-07-05 15:10:03 | DEBUG    | scraper | Scroll finished after 6 steps (stalled).
2026-07-05 15:10:06 | DEBUG    | scraper | Found 0 video tiles.
2026-07-05 15:10:06 | INFO     | scraper | Profile scraped: @emilyfluri | followers=12.1K | tiles=0
2026-07-05 15:10:06 | INFO     | utils | Data saved to C:\Users\wess\Desktop\python get data\output\profile_emilyfluri.json
2026-07-05 15:10:06 | INFO     | scraper | TikTokScraper stopped.
2026-07-05 15:13:26 | INFO     | scraper | Starting TikTokScraper …
2026-07-05 15:13:26 | INFO     | scraper | Browser context created.
2026-07-05 15:18:08 | INFO     | scraper | Starting TikTokScraper …
2026-07-05 15:18:09 | INFO     | scraper | Browser context created.
2026-07-05 15:18:09 | INFO     | scraper | Scraping profile: https://www.tiktok.com/@emilyfluri
2026-07-05 15:18:09 | DEBUG    | scraper | Navigating to https://www.tiktok.com/@emilyfluri
2026-07-05 15:18:12 | INFO     | scraper | Waiting 10 s for manual CAPTCHA solving …
2026-07-05 15:18:34 | DEBUG    | scraper | Videos tab already active.
2026-07-05 15:19:18 | DEBUG    | scraper | Found 339 video tiles.
2026-07-05 15:19:30 | INFO     | scraper | Profile scraped: @emilyfluri — 12.1K followers, 339 video tiles.
2026-07-05 15:19:30 | INFO     | utils | Data saved to C:\Users\wess\Desktop\python get data\output\profile_emilyfluri.json
2026-07-05 15:19:31 | INFO     | scraper | TikTokScraper stopped.
2026-07-05 15:27:42 | INFO     | scraper | Starting TikTokScraper …
2026-07-05 15:27:43 | INFO     | scraper | Browser context created.
2026-07-05 15:27:43 | INFO     | scraper | Scraping profile: https://www.tiktok.com/@iam_notkira
2026-07-05 15:27:43 | DEBUG    | scraper | Navigating to https://www.tiktok.com/@iam_notkira
2026-07-05 15:27:45 | INFO     | scraper | Waiting 10 s for manual CAPTCHA solving …
2026-07-05 15:28:08 | DEBUG    | scraper | Videos tab already active.
2026-07-05 15:28:47 | DEBUG    | scraper | Scroll finished after 19 steps.
2026-07-05 15:28:50 | DEBUG    | scraper | Found 208 video tiles.
2026-07-05 15:28:55 | INFO     | scraper | Profile scraped: @iam_notkira — 48.5K followers, 208 video tiles.
2026-07-05 15:28:55 | INFO     | utils | Data saved to C:\Users\wess\Desktop\python get data\output\profile_iam_notkira.json
2026-07-05 15:28:56 | INFO     | scraper | TikTokScraper stopped.
2026-07-05 16:54:24 | INFO     | scraper | Starting TikTokScraper …
2026-07-05 16:54:25 | INFO     | scraper | Browser context created.
2026-07-05 16:54:25 | INFO     | scraper | Scraping video: https://www.tiktok.com/@iam_notkira/video/7656966967823289630
2026-07-05 16:54:26 | DEBUG    | scraper | Navigating to https://www.tiktok.com/@iam_notkira/video/7656966967823289630
2026-07-05 16:54:26 | INFO     | scraper | Waiting 10 s for manual CAPTCHA solving …
2026-07-05 16:55:28 | INFO     | scraper | Video scraped: 7656966967823289630 —  plays, 1159 likes.
2026-07-05 16:55:28 | INFO     | utils | Data saved to C:\Users\wess\Desktop\python get data\output\video_7656966967823289630.json
2026-07-05 16:55:29 | INFO     | scraper | TikTokScraper stopped.
2026-07-05 17:00:27 | INFO     | scraper | Starting TikTokScraper …
2026-07-05 17:00:28 | INFO     | scraper | Browser context created.
2026-07-05 17:00:28 | INFO     | scraper | Scraping video: https://www.tiktok.com/@iam_notkira/video/7656966967823289630
2026-07-05 17:00:28 | DEBUG    | scraper | Navigating to https://www.tiktok.com/@iam_notkira/video/7656966967823289630
2026-07-05 17:00:29 | INFO     | scraper | Waiting 10 s for manual CAPTCHA solving …
2026-07-05 17:00:52 | DEBUG    | scraper | Comments section not found, skipping scroll.
2026-07-05 17:00:52 | DEBUG    | scraper | Found 0 comments.
2026-07-05 17:01:32 | INFO     | scraper | Video scraped: 7656966967823289630 —  plays, 1161 likes, 0 comments.
2026-07-05 17:01:32 | INFO     | utils | Data saved to C:\Users\wess\Desktop\python get data\output\video_7656966967823289630.json
2026-07-05 17:01:32 | INFO     | scraper | TikTokScraper stopped.
2026-07-05 17:02:49 | INFO     | scraper | Starting TikTokScraper …
2026-07-05 17:02:50 | INFO     | scraper | Browser context created.
2026-07-05 17:02:50 | INFO     | scraper | Scraping video: https://www.tiktok.com/@iam_notkira/video/7656966967823289630
2026-07-05 17:02:50 | DEBUG    | scraper | Navigating to https://www.tiktok.com/@iam_notkira/video/7656966967823289630
2026-07-05 17:02:50 | INFO     | scraper | Waiting 10 s for manual CAPTCHA solving …
2026-07-05 17:03:12 | DEBUG    | scraper | Comments section not found, skipping scroll.
2026-07-05 17:03:12 | DEBUG    | scraper | Found 0 comments.
2026-07-05 17:03:53 | INFO     | scraper | Video scraped: 7656966967823289630 —  plays, 1161 likes, 0 comments.
2026-07-05 17:03:53 | INFO     | utils | Data saved to C:\Users\wess\Desktop\python get data\output\video_7656966967823289630.json
2026-07-05 17:03:53 | INFO     | scraper | TikTokScraper stopped.
2026-07-05 17:12:10 | INFO     | scraper | Starting TikTokScraper …
2026-07-05 17:12:11 | INFO     | scraper | Browser context created.
2026-07-05 17:12:11 | INFO     | scraper | Scraping video: https://www.tiktok.com/@iam_notkira/video/7656966967823289630
2026-07-05 17:12:11 | DEBUG    | scraper | Navigating to https://www.tiktok.com/@iam_notkira/video/7656966967823289630
2026-07-05 17:12:12 | INFO     | scraper | Waiting 60 s for manual CAPTCHA solving …
2026-07-05 17:13:24 | DEBUG    | scraper | Comments section not found, skipping scroll.
2026-07-05 17:13:24 | DEBUG    | scraper | Found 0 comments.
2026-07-05 17:16:14 | INFO     | scraper | Starting TikTokScraper …
2026-07-05 17:16:14 | ERROR    | __main__ | Fatal error during scraping.
Traceback (most recent call last):
  File "C:\Users\wess\Desktop\python get data\main.py", line 78, in _amain
    await scraper.start()
  File "C:\Users\wess\Desktop\python get data\scraper.py", line 166, in start
    self._browser = await self._playwright.chromium.launch(
                    ^^^^^^^^^^^^^^^^^^^^^^^^^^^^^^^^^^^^^^^
    ...<3 lines>...
    )
    ^
  File "C:\Users\wess\AppData\Local\Programs\Python\Python314\Lib\site-packages\playwright\async_api\_generated.py", line 16546, in launch
    await self._impl_obj.launch(
    ...<17 lines>...
    )
  File "C:\Users\wess\AppData\Local\Programs\Python\Python314\Lib\site-packages\playwright\_impl\_browser_type.py", line 97, in launch
    await self._channel.send(
        "launch", TimeoutSettings.launch_timeout, params
    )
  File "C:\Users\wess\AppData\Local\Programs\Python\Python314\Lib\site-packages\playwright\_impl\_connection.py", line 69, in send
    return await self._connection.wrap_api_call(
           ^^^^^^^^^^^^^^^^^^^^^^^^^^^^^^^^^^^^^
    ...<3 lines>...
    )
    ^
  File "C:\Users\wess\AppData\Local\Programs\Python\Python314\Lib\site-packages\playwright\_impl\_connection.py", line 563, in wrap_api_call
    raise rewrite_error(error, f"{parsed_st['apiName']}: {error}") from None
playwright._impl._errors.Error: BrowserType.launch: Chromium distribution 'chrome' is not found at C:\Users\wess\AppData\Local\Google\Chrome\Application\chrome.exe
Run "playwright install chrome"
2026-07-05 17:16:14 | INFO     | scraper | TikTokScraper stopped.
2026-07-05 17:27:13 | INFO     | scraper | Starting TikTokScraper …
2026-07-05 17:27:13 | INFO     | scraper | Browser context created.
2026-07-05 17:27:13 | INFO     | scraper | Scraping video: https://www.tiktok.com/@iam_notkira/video/7656966967823289630
2026-07-05 17:27:14 | DEBUG    | scraper | Navigating to https://www.tiktok.com/@iam_notkira/video/7656966967823289630
2026-07-05 17:27:15 | INFO     | scraper | Waiting 60 s for manual CAPTCHA solving …
2026-07-05 17:28:27 | DEBUG    | scraper | Opened comments via '[data-e2e="comment-count"]'.
2026-07-05 17:28:30 | DEBUG    | scraper | Found 0 comment items via selector.
2026-07-05 17:28:30 | DEBUG    | scraper | No structured comments found, trying text-based extraction.
2026-07-05 17:29:10 | INFO     | scraper | Video scraped: 7656966967823289630 —  plays, 1168 likes, 3 comments.
2026-07-05 17:29:10 | INFO     | utils | Data saved to C:\Users\wess\Desktop\python get data\output\video_7656966967823289630.json
2026-07-05 17:29:11 | INFO     | scraper | Session saved to tiktok_session.json
2026-07-05 17:29:11 | INFO     | scraper | TikTokScraper stopped.
2026-07-05 17:41:24 | INFO     | scraper | Starting TikTokScraper …
2026-07-05 17:41:25 | INFO     | scraper | Loaded saved session from tiktok_session.json
2026-07-05 17:41:25 | INFO     | scraper | Browser context created.
2026-07-05 17:41:25 | INFO     | scraper | Scraping video: https://www.tiktok.com/@iam_notkira/video/7656966967823289630
2026-07-05 17:41:25 | DEBUG    | scraper | Navigating to https://www.tiktok.com/@iam_notkira/video/7656966967823289630
2026-07-05 17:41:26 | INFO     | scraper | Waiting 15 s for manual CAPTCHA solving …
2026-07-05 17:41:54 | DEBUG    | scraper | Opened comments via '[data-e2e="comment-count"]'.
2026-07-05 17:41:57 | DEBUG    | scraper | Found 20 comment wrappers.
2026-07-05 17:42:37 | INFO     | scraper | Video scraped: 7656966967823289630 —  plays, 1170 likes, 20 comments.
2026-07-05 17:42:37 | INFO     | utils | Data saved to C:\Users\wess\Desktop\python get data\output\video_7656966967823289630.json
2026-07-05 17:42:38 | INFO     | scraper | Session saved to tiktok_session.json
2026-07-05 17:42:38 | INFO     | scraper | TikTokScraper stopped.
2026-07-05 17:52:00 | INFO     | scraper | Starting TikTokScraper …
2026-07-05 17:52:00 | INFO     | scraper | Loaded saved session from tiktok_session.json
2026-07-05 17:52:01 | INFO     | scraper | Browser context created.
2026-07-05 17:52:01 | INFO     | scraper | Scraping video: https://www.tiktok.com/@iam_notkira/video/7645170711409069343?image_index=2
2026-07-05 17:52:01 | DEBUG    | scraper | Navigating to https://www.tiktok.com/@iam_notkira/video/7645170711409069343?image_index=2
2026-07-05 17:52:03 | INFO     | scraper | Waiting 10 s for manual CAPTCHA solving …
2026-07-05 17:52:25 | DEBUG    | scraper | Opened comments via '[data-e2e="comment-count"]'.
2026-07-05 17:52:28 | DEBUG    | scraper | Found 4 comment wrappers.
2026-07-05 17:53:08 | INFO     | scraper | Video scraped: 7645170711409069343 —  plays, 138 likes, 4 comments.
2026-07-05 17:53:08 | INFO     | utils | Data saved to C:\Users\wess\Desktop\python get data\output\video_7645170711409069343.json
2026-07-05 17:53:09 | INFO     | scraper | Session saved to tiktok_session.json
2026-07-05 17:53:09 | INFO     | scraper | TikTokScraper stopped.
2026-07-06 11:11:44 | INFO     | scraper | Starting TikTokScraper …
2026-07-06 11:11:47 | INFO     | scraper | Loaded saved session from tiktok_session.json
2026-07-06 11:11:47 | INFO     | scraper | Browser context created.
2026-07-06 11:11:47 | INFO     | scraper | Scraping video: https://www.tiktok.com/@sagacity698/video/7650112515153595670
2026-07-06 11:11:47 | DEBUG    | scraper | Navigating to https://www.tiktok.com/@sagacity698/video/7650112515153595670
2026-07-06 11:12:03 | DEBUG    | scraper | Opened comments via '[data-e2e="comment-count"]'.
2026-07-06 11:12:07 | DEBUG    | scraper | Found 10 comment wrappers.
2026-07-06 11:12:47 | INFO     | scraper | Video scraped: 7650112515153595670 —  plays, 1685 likes, 0 comments.
2026-07-06 11:12:47 | INFO     | utils | Data saved to C:\Users\wess\Desktop\python get data\output\video_7650112515153595670.json
2026-07-06 11:12:47 | INFO     | scraper | Session saved to tiktok_session.json
2026-07-06 11:12:47 | INFO     | scraper | TikTokScraper stopped.
2026-07-06 11:13:40 | INFO     | scraper | Starting TikTokScraper …
2026-07-06 11:13:40 | INFO     | scraper | Loaded saved session from tiktok_session.json
2026-07-06 11:13:40 | INFO     | scraper | Browser context created.
2026-07-06 11:13:40 | INFO     | scraper | Scraping video: https://www.tiktok.com/@sagacity698/video/7650112515153595670
2026-07-06 11:13:41 | DEBUG    | scraper | Navigating to https://www.tiktok.com/@sagacity698/video/7650112515153595670
2026-07-06 11:13:53 | DEBUG    | scraper | Opened comments via '[data-e2e="comment-count"]'.
2026-07-06 11:13:56 | DEBUG    | scraper | Found 10 comment wrappers.
2026-07-06 11:14:36 | INFO     | scraper | Video scraped: 7650112515153595670 —  plays, 1685 likes, 0 comments.
2026-07-06 11:14:36 | INFO     | utils | Data saved to C:\Users\wess\Desktop\python get data\output\video_7650112515153595670.json
2026-07-06 11:14:37 | INFO     | scraper | Session saved to tiktok_session.json
2026-07-06 11:14:37 | INFO     | scraper | TikTokScraper stopped.
2026-07-06 11:15:28 | INFO     | scraper | Starting TikTokScraper …
2026-07-06 11:15:29 | INFO     | scraper | Loaded saved session from tiktok_session.json
2026-07-06 11:15:29 | INFO     | scraper | Browser context created.
2026-07-06 11:15:29 | INFO     | scraper | Scraping video: https://www.tiktok.com/@sagacity698/video/7650112515153595670
2026-07-06 11:15:29 | DEBUG    | scraper | Navigating to https://www.tiktok.com/@sagacity698/video/7650112515153595670
2026-07-06 11:16:43 | DEBUG    | scraper | Could not find comment button to click.
2026-07-06 11:16:43 | DEBUG    | scraper | Found 0 comment wrappers.
2026-07-06 11:17:23 | INFO     | scraper | Video scraped: 7650112515153595670 —  plays, 1685 likes, 0 comments.
2026-07-06 11:17:23 | INFO     | utils | Data saved to C:\Users\wess\Desktop\python get data\output\video_7650112515153595670.json
2026-07-06 11:17:23 | INFO     | scraper | Session saved to tiktok_session.json
2026-07-06 11:17:23 | INFO     | scraper | TikTokScraper stopped.
2026-07-06 11:30:51 | INFO     | scraper | Starting TikTokScraper …
2026-07-06 11:30:51 | INFO     | scraper | Loaded saved session from tiktok_session.json
2026-07-06 11:30:51 | INFO     | scraper | Browser context created.
2026-07-06 11:30:51 | INFO     | scraper | Scraping video: https://www.tiktok.com/@sagacity698/video/7650112515153595670
2026-07-06 11:30:52 | DEBUG    | scraper | Navigating to https://www.tiktok.com/@sagacity698/video/7650112515153595670
2026-07-06 11:32:07 | DEBUG    | scraper | Could not find comment button to click.
2026-07-06 11:32:07 | DEBUG    | scraper | Found 0 comment wrappers.
2026-07-06 11:32:47 | INFO     | scraper | Video scraped: 7650112515153595670 —  plays, 1687 likes, 0 comments.
2026-07-06 11:32:47 | INFO     | utils | Data saved to C:\Users\wess\Desktop\python get data\output\video_7650112515153595670.json
2026-07-06 11:32:47 | INFO     | scraper | Session saved to tiktok_session.json
2026-07-06 11:32:47 | INFO     | scraper | TikTokScraper stopped.
2026-07-06 11:33:18 | INFO     | scraper | Starting TikTokScraper …
2026-07-06 11:33:19 | INFO     | scraper | Loaded saved session from tiktok_session.json
2026-07-06 11:33:19 | INFO     | scraper | Browser context created.
2026-07-06 11:33:19 | INFO     | scraper | Scraping video: https://www.tiktok.com/@sagacity698/video/7650112515153595670
2026-07-06 11:33:19 | DEBUG    | scraper | Navigating to https://www.tiktok.com/@sagacity698/video/7650112515153595670
2026-07-06 11:33:33 | DEBUG    | scraper | Opened comments via '[data-e2e="comment-icon"]'.
2026-07-06 11:33:37 | DEBUG    | scraper | Found 0 comment wrappers.
2026-07-06 11:34:17 | INFO     | scraper | Video scraped: 7650112515153595670 —  plays, 1687 likes, 0 comments.
2026-07-06 11:34:17 | INFO     | utils | Data saved to C:\Users\wess\Desktop\python get data\output\video_7650112515153595670.json
2026-07-06 11:34:17 | INFO     | scraper | Session saved to tiktok_session.json
2026-07-06 11:34:17 | INFO     | scraper | TikTokScraper stopped.
2026-07-06 11:35:33 | INFO     | scraper | Starting TikTokScraper …
2026-07-06 11:35:33 | INFO     | scraper | Loaded saved session from tiktok_session.json
2026-07-06 11:35:34 | INFO     | scraper | Browser context created.
2026-07-06 11:35:34 | INFO     | scraper | Scraping video: https://www.tiktok.com/@sagacity698/video/7650112515153595670
2026-07-06 11:35:34 | DEBUG    | scraper | Navigating to https://www.tiktok.com/@sagacity698/video/7650112515153595670
2026-07-06 11:35:48 | DEBUG    | scraper | Opened comments via '[data-e2e="comment-icon"]'.
2026-07-06 11:35:52 | DEBUG    | scraper | Found 0 comment wrappers.
2026-07-06 11:36:32 | INFO     | scraper | Video scraped: 7650112515153595670 —  plays, 1687 likes, 0 comments.
2026-07-06 11:36:32 | INFO     | utils | Data saved to C:\Users\wess\Desktop\python get data\output\video_7650112515153595670.json
2026-07-06 11:36:32 | INFO     | scraper | Session saved to tiktok_session.json
2026-07-06 11:36:32 | INFO     | scraper | TikTokScraper stopped.
2026-07-06 11:40:18 | INFO     | scraper | Starting TikTokScraper …
2026-07-06 11:40:19 | INFO     | scraper | Loaded saved session from tiktok_session.json
2026-07-06 11:40:19 | INFO     | scraper | Browser context created.
2026-07-06 11:40:19 | INFO     | scraper | Scraping video: https://www.tiktok.com/@sagacity698/video/7650112515153595670
2026-07-06 11:40:19 | DEBUG    | scraper | Navigating to https://www.tiktok.com/@sagacity698/video/7650112515153595670
2026-07-06 11:40:35 | DEBUG    | scraper | Opened comments via '[data-e2e="comment-icon"]'.
2026-07-06 11:40:39 | DEBUG    | scraper | Found 10 comment wrappers.
2026-07-06 11:41:20 | INFO     | scraper | Video scraped: 7650112515153595670 —  plays, 1687 likes, 0 comments.
2026-07-06 11:41:20 | INFO     | utils | Data saved to C:\Users\wess\Desktop\python get data\output\video_7650112515153595670.json
2026-07-06 11:41:21 | INFO     | scraper | Session saved to tiktok_session.json
2026-07-06 11:41:21 | INFO     | scraper | TikTokScraper stopped.
2026-07-06 11:42:28 | INFO     | scraper | Starting TikTokScraper …
2026-07-06 11:42:29 | INFO     | scraper | Loaded saved session from tiktok_session.json
2026-07-06 11:42:29 | INFO     | scraper | Browser context created.
2026-07-06 11:42:29 | INFO     | scraper | Scraping video: https://www.tiktok.com/@iam_notkira/video/7645170711409069343
2026-07-06 11:42:29 | DEBUG    | scraper | Navigating to https://www.tiktok.com/@iam_notkira/video/7645170711409069343
2026-07-06 11:42:42 | DEBUG    | scraper | Opened comments via '[data-e2e="comment-icon"]'.
2026-07-06 11:42:46 | DEBUG    | scraper | Found 4 comment wrappers.
2026-07-06 11:43:27 | INFO     | scraper | Video scraped: 7645170711409069343 —  plays, 143 likes, 4 comments.
2026-07-06 11:43:27 | INFO     | utils | Data saved to C:\Users\wess\Desktop\python get data\output\video_7645170711409069343.json
2026-07-06 11:43:27 | INFO     | scraper | Session saved to tiktok_session.json
2026-07-06 11:43:27 | INFO     | scraper | TikTokScraper stopped.
2026-07-06 11:56:03 | INFO     | scraper | Starting TikTokScraper …
2026-07-06 11:56:04 | INFO     | scraper | Loaded saved session from tiktok_session.json
2026-07-06 11:56:04 | INFO     | scraper | Browser context created.
2026-07-06 11:56:04 | INFO     | scraper | Scraping video: https://www.tiktok.com/@iam_notkira/video/7645170711409069343
2026-07-06 11:56:04 | DEBUG    | scraper | Navigating to https://www.tiktok.com/@iam_notkira/video/7645170711409069343
2026-07-06 11:56:17 | DEBUG    | scraper | Opened comments via '[data-e2e="comment-icon"]'.
2026-07-06 11:56:21 | DEBUG    | scraper | Found 4 comment wrappers.
2026-07-06 11:57:01 | INFO     | scraper | Video scraped: 7645170711409069343 —  plays, 143 likes, 4 comments.
2026-07-06 11:57:01 | INFO     | utils | Data saved to C:\Users\wess\Desktop\python get data\output\video_7645170711409069343.json
2026-07-06 11:57:02 | INFO     | scraper | Session saved to tiktok_session.json
2026-07-06 11:57:02 | INFO     | scraper | TikTokScraper stopped.
2026-07-06 12:09:32 | INFO     | scraper | Starting TikTokScraper …
2026-07-06 12:09:33 | INFO     | scraper | Loaded saved session from tiktok_session.json
2026-07-06 12:09:33 | INFO     | scraper | Browser context created.
2026-07-06 12:09:33 | INFO     | scraper | Scraping video: https://www.tiktok.com/@fikramxrealme/video/7658517265356229895
2026-07-06 12:09:33 | DEBUG    | scraper | Navigating to https://www.tiktok.com/@fikramxrealme/video/7658517265356229895
2026-07-06 12:09:47 | DEBUG    | scraper | Opened comments via '[data-e2e="comment-icon"]'.
2026-07-06 12:09:51 | DEBUG    | scraper | Found 20 comment wrappers.
2026-07-06 12:10:32 | INFO     | scraper | Video scraped: 7658517265356229895 —  plays, 5825 likes, 20 comments.
2026-07-06 12:10:32 | INFO     | utils | Data saved to C:\Users\wess\Desktop\python get data\output\video_7658517265356229895.json
2026-07-06 12:10:32 | INFO     | scraper | Session saved to tiktok_session.json
2026-07-06 12:10:33 | INFO     | scraper | TikTokScraper stopped.
2026-07-06 12:11:27 | INFO     | scraper | Starting TikTokScraper …
2026-07-06 12:11:28 | INFO     | scraper | Loaded saved session from tiktok_session.json
2026-07-06 12:11:28 | INFO     | scraper | Browser context created.
2026-07-06 12:11:28 | INFO     | scraper | Scraping video: https://www.tiktok.com/@fikramxrealme/video/7658517265356229895
2026-07-06 12:11:28 | DEBUG    | scraper | Navigating to https://www.tiktok.com/@fikramxrealme/video/7658517265356229895
2026-07-06 12:11:41 | DEBUG    | scraper | Opened comments via '[data-e2e="comment-icon"]'.
2026-07-06 12:11:45 | DEBUG    | scraper | Found 20 comment wrappers.
2026-07-06 12:12:26 | INFO     | scraper | Video scraped: 7658517265356229895 —  plays, 5831 likes, 20 comments.
2026-07-06 12:12:26 | INFO     | utils | Data saved to C:\Users\wess\Desktop\python get data\output\video_7658517265356229895.json
2026-07-06 12:12:26 | INFO     | scraper | Session saved to tiktok_session.json
2026-07-06 12:12:27 | INFO     | scraper | TikTokScraper stopped.
2026-07-06 12:13:35 | INFO     | scraper | Starting TikTokScraper …
2026-07-06 12:13:36 | INFO     | scraper | Loaded saved session from tiktok_session.json
2026-07-06 12:13:36 | INFO     | scraper | Browser context created.
2026-07-06 12:13:36 | INFO     | scraper | Scraping video: https://www.tiktok.com/@fikramxrealme/video/7658517265356229895
2026-07-06 12:13:36 | DEBUG    | scraper | Navigating to https://www.tiktok.com/@fikramxrealme/video/7658517265356229895
2026-07-06 12:13:51 | DEBUG    | scraper | Opened comments via '[data-e2e="comment-icon"]'.
2026-07-06 12:13:55 | DEBUG    | scraper | Found 20 comment wrappers.
2026-07-06 12:14:35 | INFO     | scraper | Video scraped: 7658517265356229895 —  plays, 5840 likes, 20 comments.
2026-07-06 12:14:35 | INFO     | utils | Data saved to C:\Users\wess\Desktop\python get data\output\video_7658517265356229895.json
2026-07-06 12:14:36 | INFO     | scraper | Session saved to tiktok_session.json
2026-07-06 12:14:36 | INFO     | scraper | TikTokScraper stopped.
2026-07-06 12:18:03 | INFO     | scraper | Starting TikTokScraper …
2026-07-06 12:18:03 | INFO     | scraper | Loaded saved session from tiktok_session.json
2026-07-06 12:18:04 | INFO     | scraper | Browser context created.
2026-07-06 12:18:04 | INFO     | __main__ | Waiting 200 s for manual login …
2026-07-06 12:21:25 | INFO     | scraper | Scraping video: https://www.tiktok.com/@fikramxrealme/video/7658517265356229895
2026-07-06 12:21:25 | DEBUG    | scraper | Navigating to https://www.tiktok.com/@fikramxrealme/video/7658517265356229895
2026-07-06 12:21:39 | DEBUG    | scraper | Opened comments via '[data-e2e="comment-icon"]'.
2026-07-06 12:21:43 | DEBUG    | scraper | Found 20 comment wrappers.
2026-07-06 12:22:23 | INFO     | scraper | Video scraped: 7658517265356229895 —  plays, 5880 likes, 20 comments.
2026-07-06 12:22:23 | INFO     | utils | Data saved to C:\Users\wess\Desktop\python get data\output\video_7658517265356229895.json
2026-07-06 12:22:24 | INFO     | scraper | Session saved to tiktok_session.json
2026-07-06 12:22:24 | INFO     | scraper | TikTokScraper stopped.
2026-07-06 12:24:49 | INFO     | scraper | Starting TikTokScraper …
2026-07-06 12:24:50 | INFO     | scraper | Loaded saved session from tiktok_session.json
2026-07-06 12:24:50 | INFO     | scraper | Browser context created.
2026-07-06 12:24:50 | INFO     | scraper | Scraping video: https://www.tiktok.com/@fikramxrealme/video/7658517265356229895
2026-07-06 12:24:50 | DEBUG    | scraper | Navigating to https://www.tiktok.com/@fikramxrealme/video/7658517265356229895
2026-07-06 12:25:04 | DEBUG    | scraper | Opened comments via '[data-e2e="comment-icon"]'.
2026-07-06 12:25:08 | DEBUG    | scraper | Found 20 comment wrappers.
2026-07-06 12:25:48 | INFO     | scraper | Video scraped: 7658517265356229895 —  plays, 5894 likes, 20 comments.
2026-07-06 12:25:48 | INFO     | utils | Data saved to C:\Users\wess\Desktop\python get data\output\video_7658517265356229895.json
2026-07-06 12:25:49 | INFO     | scraper | Session saved to tiktok_session.json
2026-07-06 12:25:49 | INFO     | scraper | TikTokScraper stopped.
2026-07-06 13:05:59 | INFO     | scraper | Starting TikTokScraper …
2026-07-06 13:06:00 | INFO     | scraper | Loaded saved session from tiktok_session.json
2026-07-06 13:06:00 | INFO     | scraper | Browser context created.
2026-07-06 13:06:00 | INFO     | scraper | Scraping video: https://www.tiktok.com/@a____y_14/video/7658842984875576594
2026-07-06 13:06:01 | DEBUG    | scraper | Navigating to https://www.tiktok.com/@a____y_14/video/7658842984875576594
2026-07-06 13:06:14 | INFO     | scraper | Video liked.
2026-07-06 13:06:16 | DEBUG    | scraper | Opened comments via '[data-e2e="comment-icon"]'.
2026-07-06 13:06:20 | WARNING  | scraper | Failed to post comment: Locator.fill: Error: Element is not an <input>, <textarea>, <select> or [contenteditable] and does not have a role allowing [aria-readonly]
Call log:
  - waiting for locator("[data-e2e=\"comment-input\"]").first
    - locator resolved to <div data-e2e="comment-input" class="comment-panel-input css-xfaik7-7937d88b--DivTextInputContainer e1jg1wm01">…</div>
    - fill("norway win  :)")
  - attempting fill action
    - waiting for element to be visible, enabled and editable

2026-07-06 13:06:20 | DEBUG    | scraper | Found 20 comment wrappers.
2026-07-06 13:07:01 | INFO     | scraper | Video scraped: 7658842984875576594 —  plays, 106.9K likes, 20 comments.
2026-07-06 13:07:01 | INFO     | utils | Data saved to C:\Users\wess\Desktop\python get data\output\video_7658842984875576594.json
2026-07-06 13:07:02 | INFO     | scraper | Session saved to tiktok_session.json
2026-07-06 13:07:02 | INFO     | scraper | TikTokScraper stopped.
2026-07-06 13:07:17 | INFO     | scraper | Starting TikTokScraper …
2026-07-06 13:07:18 | INFO     | scraper | Loaded saved session from tiktok_session.json
2026-07-06 13:07:18 | INFO     | scraper | Browser context created.
2026-07-06 13:07:18 | INFO     | scraper | Scraping video: https://www.tiktok.com/@a____y_14/video/7658842984875576594
2026-07-06 13:07:18 | DEBUG    | scraper | Navigating to https://www.tiktok.com/@a____y_14/video/7658842984875576594
2026-07-06 13:07:32 | DEBUG    | scraper | Like button not found.
2026-07-06 13:07:32 | DEBUG    | scraper | Could not find comment button to click.
2026-07-06 13:07:32 | DEBUG    | scraper | Comment input not found.
2026-07-06 13:07:32 | DEBUG    | scraper | Found 0 comment wrappers.
2026-07-06 13:08:22 | INFO     | scraper | Video scraped: 7658842984875576594 —  plays, 106.9K likes, 0 comments.
2026-07-06 13:08:22 | INFO     | utils | Data saved to C:\Users\wess\Desktop\python get data\output\video_7658842984875576594.json
2026-07-06 13:08:23 | INFO     | scraper | Session saved to tiktok_session.json
2026-07-06 13:08:23 | INFO     | scraper | TikTokScraper stopped.
2026-07-06 13:08:49 | INFO     | scraper | Starting TikTokScraper …
2026-07-06 13:08:50 | INFO     | scraper | Loaded saved session from tiktok_session.json
2026-07-06 13:08:50 | INFO     | scraper | Browser context created.
2026-07-06 13:08:50 | INFO     | scraper | Scraping video: https://www.tiktok.com/@a____y_14/video/7658842984875576594
2026-07-06 13:08:51 | DEBUG    | scraper | Navigating to https://www.tiktok.com/@a____y_14/video/7658842984875576594
2026-07-06 13:09:06 | INFO     | scraper | Video liked.
2026-07-06 13:09:09 | DEBUG    | scraper | Opened comments via '[data-e2e="comment-icon"]'.
2026-07-06 13:09:14 | DEBUG    | scraper | Typed comment text.
2026-07-06 13:09:15 | INFO     | scraper | Comment posted.
2026-07-06 13:09:17 | DEBUG    | scraper | Found 21 comment wrappers.
2026-07-06 13:09:57 | INFO     | scraper | Video scraped: 7658842984875576594 —  plays, 107K likes, 21 comments.
2026-07-06 13:09:57 | INFO     | utils | Data saved to C:\Users\wess\Desktop\python get data\output\video_7658842984875576594.json
2026-07-06 13:09:58 | INFO     | scraper | Session saved to tiktok_session.json
2026-07-06 13:09:58 | INFO     | scraper | TikTokScraper stopped.
